<?xml version="1.0" encoding="UTF-8"?>
<!-- Generated by org.testng.reporters.JUnitXMLReporter -->
<testsuite hostname="LAPTOP-MJO8PL9U" ignored="0" name="Default test(failed)(failed)" tests="1" failures="1" timestamp="2022-03-29T20:29:56 IST" time="0.112" errors="0">
  <testcase name="tc01" time="0.029" classname="TestNGPrograms.Soft">
    <failure type="java.lang.AssertionError" message="The following asserts failed:
	expected [Hello] but found [Hi],
	expected [false] but found [true],
	expected [15] but found [12],
	expected [b] but found [a],
	expected [true] but found [false],
	expected object to not be null">
      <![CDATA[java.lang.AssertionError: The following asserts failed:
expected [Hello] but found [Hi],
expected [false] but found [true],
expected [15] but found [12],
expected [b] but found [a],
expected [true] but found [false],
expected object to not be null
at TestNGPrograms.Soft.tc01(Soft.java:34)
at java.util.ArrayList.forEach(Unknown Source)
... Removed 29 stack frames]]>
    </failure>
  </testcase> <!-- tc01 -->
</testsuite> <!-- Default test(failed)(failed) -->
